<?xml version="1.0" encoding="UTF-8"?>
<testsuite xmlns:xsi="http://www.w3.org/2001/XMLSchema-instance" xsi:noNamespaceSchemaLocation="https://maven.apache.org/surefire/maven-surefire-plugin/xsd/surefire-test-report-3.0.xsd" version="3.0" name="com.joboffer.consumer.ws.emailnotification.JobofferConsumerApplicationTests" time="4.172" tests="1" errors="0" skipped="0" failures="0">
  <properties>
    <property name="java.specification.version" value="17"/>
    <property name="sun.jnu.encoding" value="UTF-8"/>
    <property name="java.class.path" value="/home/djarallah/work/kafka-formations/jobOffer-consumer-ws/joboffer consumer/target/test-classes:/home/djarallah/work/kafka-formations/jobOffer-consumer-ws/joboffer consumer/target/classes:/home/djarallah/.m2/repository/org/springframework/boot/spring-boot-starter-web/3.2.11/spring-boot-starter-web-3.2.11.jar:/home/djarallah/.m2/repository/org/springframework/boot/spring-boot-starter/3.2.11/spring-boot-starter-3.2.11.jar:/home/djarallah/.m2/repository/org/springframework/boot/spring-boot/3.2.11/spring-boot-3.2.11.jar:/home/djarallah/.m2/repository/org/springframework/boot/spring-boot-autoconfigure/3.2.11/spring-boot-autoconfigure-3.2.11.jar:/home/djarallah/.m2/repository/org/springframework/boot/spring-boot-starter-logging/3.2.11/spring-boot-starter-logging-3.2.11.jar:/home/djarallah/.m2/repository/org/apache/logging/log4j/log4j-to-slf4j/2.21.1/log4j-to-slf4j-2.21.1.jar:/home/djarallah/.m2/repository/org/apache/logging/log4j/log4j-api/2.21.1/log4j-api-2.21.1.jar:/home/djarallah/.m2/repository/org/slf4j/jul-to-slf4j/2.0.16/jul-to-slf4j-2.0.16.jar:/home/djarallah/.m2/repository/org/yaml/snakeyaml/2.2/snakeyaml-2.2.jar:/home/djarallah/.m2/repository/org/springframework/boot/spring-boot-starter-json/3.2.11/spring-boot-starter-json-3.2.11.jar:/home/djarallah/.m2/repository/com/fasterxml/jackson/core/jackson-databind/2.15.4/jackson-databind-2.15.4.jar:/home/djarallah/.m2/repository/com/fasterxml/jackson/core/jackson-annotations/2.15.4/jackson-annotations-2.15.4.jar:/home/djarallah/.m2/repository/com/fasterxml/jackson/core/jackson-core/2.15.4/jackson-core-2.15.4.jar:/home/djarallah/.m2/repository/com/fasterxml/jackson/datatype/jackson-datatype-jdk8/2.15.4/jackson-datatype-jdk8-2.15.4.jar:/home/djarallah/.m2/repository/com/fasterxml/jackson/datatype/jackson-datatype-jsr310/2.15.4/jackson-datatype-jsr310-2.15.4.jar:/home/djarallah/.m2/repository/com/fasterxml/jackson/module/jackson-module-parameter-names/2.15.4/jackson-module-parameter-names-2.15.4.jar:/home/djarallah/.m2/repository/org/springframework/spring-web/6.1.14/spring-web-6.1.14.jar:/home/djarallah/.m2/repository/org/springframework/spring-beans/6.1.14/spring-beans-6.1.14.jar:/home/djarallah/.m2/repository/io/micrometer/micrometer-observation/1.12.11/micrometer-observation-1.12.11.jar:/home/djarallah/.m2/repository/io/micrometer/micrometer-commons/1.12.11/micrometer-commons-1.12.11.jar:/home/djarallah/.m2/repository/org/springframework/spring-webmvc/6.1.14/spring-webmvc-6.1.14.jar:/home/djarallah/.m2/repository/org/springframework/spring-aop/6.1.14/spring-aop-6.1.14.jar:/home/djarallah/.m2/repository/org/springframework/spring-expression/6.1.14/spring-expression-6.1.14.jar:/home/djarallah/.m2/repository/org/springframework/kafka/spring-kafka/3.1.9/spring-kafka-3.1.9.jar:/home/djarallah/.m2/repository/org/springframework/spring-context/6.1.14/spring-context-6.1.14.jar:/home/djarallah/.m2/repository/org/springframework/spring-messaging/6.1.14/spring-messaging-6.1.14.jar:/home/djarallah/.m2/repository/org/springframework/spring-tx/6.1.14/spring-tx-6.1.14.jar:/home/djarallah/.m2/repository/org/springframework/retry/spring-retry/2.0.10/spring-retry-2.0.10.jar:/home/djarallah/.m2/repository/org/apache/kafka/kafka-clients/3.6.2/kafka-clients-3.6.2.jar:/home/djarallah/.m2/repository/com/github/luben/zstd-jni/1.5.5-1/zstd-jni-1.5.5-1.jar:/home/djarallah/.m2/repository/org/lz4/lz4-java/1.8.0/lz4-java-1.8.0.jar:/home/djarallah/.m2/repository/org/xerial/snappy/snappy-java/1.1.10.5/snappy-java-1.1.10.5.jar:/home/djarallah/.m2/repository/org/slf4j/slf4j-api/2.0.16/slf4j-api-2.0.16.jar:/home/djarallah/.m2/repository/com/google/code/findbugs/jsr305/3.0.2/jsr305-3.0.2.jar:/home/djarallah/.m2/repository/org/springframework/boot/spring-boot-starter-tomcat/3.2.11/spring-boot-starter-tomcat-3.2.11.jar:/home/djarallah/.m2/repository/jakarta/annotation/jakarta.annotation-api/2.1.1/jakarta.annotation-api-2.1.1.jar:/home/djarallah/.m2/repository/org/apache/tomcat/embed/tomcat-embed-core/10.1.31/tomcat-embed-core-10.1.31.jar:/home/djarallah/.m2/repository/org/apache/tomcat/embed/tomcat-embed-el/10.1.31/tomcat-embed-el-10.1.31.jar:/home/djarallah/.m2/repository/org/apache/tomcat/embed/tomcat-embed-websocket/10.1.31/tomcat-embed-websocket-10.1.31.jar:/home/djarallah/.m2/repository/org/springframework/boot/spring-boot-starter-test/3.2.11/spring-boot-starter-test-3.2.11.jar:/home/djarallah/.m2/repository/org/springframework/boot/spring-boot-test/3.2.11/spring-boot-test-3.2.11.jar:/home/djarallah/.m2/repository/org/springframework/boot/spring-boot-test-autoconfigure/3.2.11/spring-boot-test-autoconfigure-3.2.11.jar:/home/djarallah/.m2/repository/com/jayway/jsonpath/json-path/2.9.0/json-path-2.9.0.jar:/home/djarallah/.m2/repository/jakarta/xml/bind/jakarta.xml.bind-api/4.0.2/jakarta.xml.bind-api-4.0.2.jar:/home/djarallah/.m2/repository/jakarta/activation/jakarta.activation-api/2.1.3/jakarta.activation-api-2.1.3.jar:/home/djarallah/.m2/repository/net/minidev/json-smart/2.5.1/json-smart-2.5.1.jar:/home/djarallah/.m2/repository/net/minidev/accessors-smart/2.5.1/accessors-smart-2.5.1.jar:/home/djarallah/.m2/repository/org/ow2/asm/asm/9.6/asm-9.6.jar:/home/djarallah/.m2/repository/org/assertj/assertj-core/3.24.2/assertj-core-3.24.2.jar:/home/djarallah/.m2/repository/net/bytebuddy/byte-buddy/1.14.19/byte-buddy-1.14.19.jar:/home/djarallah/.m2/repository/org/awaitility/awaitility/4.2.2/awaitility-4.2.2.jar:/home/djarallah/.m2/repository/org/hamcrest/hamcrest/2.2/hamcrest-2.2.jar:/home/djarallah/.m2/repository/org/junit/jupiter/junit-jupiter/5.10.5/junit-jupiter-5.10.5.jar:/home/djarallah/.m2/repository/org/junit/jupiter/junit-jupiter-params/5.10.5/junit-jupiter-params-5.10.5.jar:/home/djarallah/.m2/repository/org/junit/jupiter/junit-jupiter-engine/5.10.5/junit-jupiter-engine-5.10.5.jar:/home/djarallah/.m2/repository/org/mockito/mockito-core/5.7.0/mockito-core-5.7.0.jar:/home/djarallah/.m2/repository/net/bytebuddy/byte-buddy-agent/1.14.19/byte-buddy-agent-1.14.19.jar:/home/djarallah/.m2/repository/org/objenesis/objenesis/3.3/objenesis-3.3.jar:/home/djarallah/.m2/repository/org/mockito/mockito-junit-jupiter/5.7.0/mockito-junit-jupiter-5.7.0.jar:/home/djarallah/.m2/repository/org/skyscreamer/jsonassert/1.5.3/jsonassert-1.5.3.jar:/home/djarallah/.m2/repository/com/vaadin/external/google/android-json/0.0.20131108.vaadin1/android-json-0.0.20131108.vaadin1.jar:/home/djarallah/.m2/repository/org/springframework/spring-core/6.1.14/spring-core-6.1.14.jar:/home/djarallah/.m2/repository/org/springframework/spring-jcl/6.1.14/spring-jcl-6.1.14.jar:/home/djarallah/.m2/repository/org/springframework/spring-test/6.1.14/spring-test-6.1.14.jar:/home/djarallah/.m2/repository/org/xmlunit/xmlunit-core/2.9.1/xmlunit-core-2.9.1.jar:/home/djarallah/.m2/repository/org/springframework/kafka/spring-kafka-test/3.1.9/spring-kafka-test-3.1.9.jar:/home/djarallah/.m2/repository/org/apache/zookeeper/zookeeper/3.8.4/zookeeper-3.8.4.jar:/home/djarallah/.m2/repository/org/apache/zookeeper/zookeeper-jute/3.8.4/zookeeper-jute-3.8.4.jar:/home/djarallah/.m2/repository/org/apache/yetus/audience-annotations/0.12.0/audience-annotations-0.12.0.jar:/home/djarallah/.m2/repository/io/netty/netty-handler/4.1.114.Final/netty-handler-4.1.114.Final.jar:/home/djarallah/.m2/repository/io/netty/netty-common/4.1.114.Final/netty-common-4.1.114.Final.jar:/home/djarallah/.m2/repository/io/netty/netty-resolver/4.1.114.Final/netty-resolver-4.1.114.Final.jar:/home/djarallah/.m2/repository/io/netty/netty-buffer/4.1.114.Final/netty-buffer-4.1.114.Final.jar:/home/djarallah/.m2/repository/io/netty/netty-transport/4.1.114.Final/netty-transport-4.1.114.Final.jar:/home/djarallah/.m2/repository/io/netty/netty-transport-native-unix-common/4.1.114.Final/netty-transport-native-unix-common-4.1.114.Final.jar:/home/djarallah/.m2/repository/io/netty/netty-codec/4.1.114.Final/netty-codec-4.1.114.Final.jar:/home/djarallah/.m2/repository/io/netty/netty-transport-native-epoll/4.1.114.Final/netty-transport-native-epoll-4.1.114.Final.jar:/home/djarallah/.m2/repository/io/netty/netty-transport-classes-epoll/4.1.114.Final/netty-transport-classes-epoll-4.1.114.Final.jar:/home/djarallah/.m2/repository/ch/qos/logback/logback-core/1.4.14/logback-core-1.4.14.jar:/home/djarallah/.m2/repository/ch/qos/logback/logback-classic/1.4.14/logback-classic-1.4.14.jar:/home/djarallah/.m2/repository/commons-io/commons-io/2.11.0/commons-io-2.11.0.jar:/home/djarallah/.m2/repository/org/apache/kafka/kafka-clients/3.6.2/kafka-clients-3.6.2-test.jar:/home/djarallah/.m2/repository/org/apache/kafka/kafka-metadata/3.6.2/kafka-metadata-3.6.2.jar:/home/djarallah/.m2/repository/org/apache/kafka/kafka-raft/3.6.2/kafka-raft-3.6.2.jar:/home/djarallah/.m2/repository/com/yammer/metrics/metrics-core/2.2.0/metrics-core-2.2.0.jar:/home/djarallah/.m2/repository/org/apache/kafka/kafka-server-common/3.6.2/kafka-server-common-3.6.2.jar:/home/djarallah/.m2/repository/net/sf/jopt-simple/jopt-simple/5.0.4/jopt-simple-5.0.4.jar:/home/djarallah/.m2/repository/org/pcollections/pcollections/4.0.1/pcollections-4.0.1.jar:/home/djarallah/.m2/repository/org/apache/kafka/kafka-server-common/3.6.2/kafka-server-common-3.6.2-test.jar:/home/djarallah/.m2/repository/org/apache/kafka/kafka-streams-test-utils/3.6.2/kafka-streams-test-utils-3.6.2.jar:/home/djarallah/.m2/repository/org/apache/kafka/kafka-streams/3.6.2/kafka-streams-3.6.2.jar:/home/djarallah/.m2/repository/org/rocksdb/rocksdbjni/7.9.2/rocksdbjni-7.9.2.jar:/home/djarallah/.m2/repository/org/apache/kafka/kafka_2.13/3.6.2/kafka_2.13-3.6.2.jar:/home/djarallah/.m2/repository/org/scala-lang/scala-library/2.13.11/scala-library-2.13.11.jar:/home/djarallah/.m2/repository/org/apache/kafka/kafka-group-coordinator/3.6.2/kafka-group-coordinator-3.6.2.jar:/home/djarallah/.m2/repository/org/apache/kafka/kafka-storage-api/3.6.2/kafka-storage-api-3.6.2.jar:/home/djarallah/.m2/repository/org/apache/kafka/kafka-tools-api/3.6.2/kafka-tools-api-3.6.2.jar:/home/djarallah/.m2/repository/org/apache/kafka/kafka-storage/3.6.2/kafka-storage-3.6.2.jar:/home/djarallah/.m2/repository/com/github/ben-manes/caffeine/caffeine/3.1.8/caffeine-3.1.8.jar:/home/djarallah/.m2/repository/org/checkerframework/checker-qual/3.37.0/checker-qual-3.37.0.jar:/home/djarallah/.m2/repository/com/google/errorprone/error_prone_annotations/2.21.1/error_prone_annotations-2.21.1.jar:/home/djarallah/.m2/repository/net/sourceforge/argparse4j/argparse4j/0.7.0/argparse4j-0.7.0.jar:/home/djarallah/.m2/repository/commons-validator/commons-validator/1.7/commons-validator-1.7.jar:/home/djarallah/.m2/repository/commons-beanutils/commons-beanutils/1.9.4/commons-beanutils-1.9.4.jar:/home/djarallah/.m2/repository/commons-digester/commons-digester/2.1/commons-digester-2.1.jar:/home/djarallah/.m2/repository/commons-collections/commons-collections/3.2.2/commons-collections-3.2.2.jar:/home/djarallah/.m2/repository/com/fasterxml/jackson/module/jackson-module-scala_2.13/2.15.4/jackson-module-scala_2.13-2.15.4.jar:/home/djarallah/.m2/repository/com/thoughtworks/paranamer/paranamer/2.8/paranamer-2.8.jar:/home/djarallah/.m2/repository/com/fasterxml/jackson/dataformat/jackson-dataformat-csv/2.15.4/jackson-dataformat-csv-2.15.4.jar:/home/djarallah/.m2/repository/org/bitbucket/b_c/jose4j/0.9.4/jose4j-0.9.4.jar:/home/djarallah/.m2/repository/org/scala-lang/modules/scala-collection-compat_2.13/2.10.0/scala-collection-compat_2.13-2.10.0.jar:/home/djarallah/.m2/repository/org/scala-lang/modules/scala-java8-compat_2.13/1.0.2/scala-java8-compat_2.13-1.0.2.jar:/home/djarallah/.m2/repository/org/scala-lang/scala-reflect/2.13.11/scala-reflect-2.13.11.jar:/home/djarallah/.m2/repository/com/typesafe/scala-logging/scala-logging_2.13/3.9.4/scala-logging_2.13-3.9.4.jar:/home/djarallah/.m2/repository/io/dropwizard/metrics/metrics-core/4.2.28/metrics-core-4.2.28.jar:/home/djarallah/.m2/repository/commons-cli/commons-cli/1.4/commons-cli-1.4.jar:/home/djarallah/.m2/repository/org/apache/kafka/kafka_2.13/3.6.2/kafka_2.13-3.6.2-test.jar:/home/djarallah/.m2/repository/org/junit/jupiter/junit-jupiter-api/5.10.5/junit-jupiter-api-5.10.5.jar:/home/djarallah/.m2/repository/org/opentest4j/opentest4j/1.3.0/opentest4j-1.3.0.jar:/home/djarallah/.m2/repository/org/junit/platform/junit-platform-commons/1.10.5/junit-platform-commons-1.10.5.jar:/home/djarallah/.m2/repository/org/apiguardian/apiguardian-api/1.1.2/apiguardian-api-1.1.2.jar:/home/djarallah/.m2/repository/org/junit/platform/junit-platform-launcher/1.10.5/junit-platform-launcher-1.10.5.jar:/home/djarallah/.m2/repository/org/junit/platform/junit-platform-engine/1.10.5/junit-platform-engine-1.10.5.jar:"/>
    <property name="java.vm.vendor" value="Amazon.com Inc."/>
    <property name="sun.arch.data.model" value="64"/>
    <property name="java.vendor.url" value="https://aws.amazon.com/corretto/"/>
    <property name="user.timezone" value="Europe/Paris"/>
    <property name="os.name" value="Linux"/>
    <property name="java.vm.specification.version" value="17"/>
    <property name="sun.java.launcher" value="SUN_STANDARD"/>
    <property name="sun.boot.library.path" value="/home/djarallah/.jdks/corretto-17.0.12-1/lib"/>
    <property name="sun.java.command" value="/home/djarallah/work/kafka-formations/jobOffer-consumer-ws/joboffer consumer/target/surefire/surefirebooter-20241102102628631_3.jar /home/djarallah/work/kafka-formations/jobOffer-consumer-ws/joboffer consumer/target/surefire 2024-11-02T10-26-26_964-jvmRun1 surefire-20241102102628631_1tmp surefire_0-20241102102628631_2tmp"/>
    <property name="jdk.debug" value="release"/>
    <property name="surefire.test.class.path" value="/home/djarallah/work/kafka-formations/jobOffer-consumer-ws/joboffer consumer/target/test-classes:/home/djarallah/work/kafka-formations/jobOffer-consumer-ws/joboffer consumer/target/classes:/home/djarallah/.m2/repository/org/springframework/boot/spring-boot-starter-web/3.2.11/spring-boot-starter-web-3.2.11.jar:/home/djarallah/.m2/repository/org/springframework/boot/spring-boot-starter/3.2.11/spring-boot-starter-3.2.11.jar:/home/djarallah/.m2/repository/org/springframework/boot/spring-boot/3.2.11/spring-boot-3.2.11.jar:/home/djarallah/.m2/repository/org/springframework/boot/spring-boot-autoconfigure/3.2.11/spring-boot-autoconfigure-3.2.11.jar:/home/djarallah/.m2/repository/org/springframework/boot/spring-boot-starter-logging/3.2.11/spring-boot-starter-logging-3.2.11.jar:/home/djarallah/.m2/repository/org/apache/logging/log4j/log4j-to-slf4j/2.21.1/log4j-to-slf4j-2.21.1.jar:/home/djarallah/.m2/repository/org/apache/logging/log4j/log4j-api/2.21.1/log4j-api-2.21.1.jar:/home/djarallah/.m2/repository/org/slf4j/jul-to-slf4j/2.0.16/jul-to-slf4j-2.0.16.jar:/home/djarallah/.m2/repository/org/yaml/snakeyaml/2.2/snakeyaml-2.2.jar:/home/djarallah/.m2/repository/org/springframework/boot/spring-boot-starter-json/3.2.11/spring-boot-starter-json-3.2.11.jar:/home/djarallah/.m2/repository/com/fasterxml/jackson/core/jackson-databind/2.15.4/jackson-databind-2.15.4.jar:/home/djarallah/.m2/repository/com/fasterxml/jackson/core/jackson-annotations/2.15.4/jackson-annotations-2.15.4.jar:/home/djarallah/.m2/repository/com/fasterxml/jackson/core/jackson-core/2.15.4/jackson-core-2.15.4.jar:/home/djarallah/.m2/repository/com/fasterxml/jackson/datatype/jackson-datatype-jdk8/2.15.4/jackson-datatype-jdk8-2.15.4.jar:/home/djarallah/.m2/repository/com/fasterxml/jackson/datatype/jackson-datatype-jsr310/2.15.4/jackson-datatype-jsr310-2.15.4.jar:/home/djarallah/.m2/repository/com/fasterxml/jackson/module/jackson-module-parameter-names/2.15.4/jackson-module-parameter-names-2.15.4.jar:/home/djarallah/.m2/repository/org/springframework/spring-web/6.1.14/spring-web-6.1.14.jar:/home/djarallah/.m2/repository/org/springframework/spring-beans/6.1.14/spring-beans-6.1.14.jar:/home/djarallah/.m2/repository/io/micrometer/micrometer-observation/1.12.11/micrometer-observation-1.12.11.jar:/home/djarallah/.m2/repository/io/micrometer/micrometer-commons/1.12.11/micrometer-commons-1.12.11.jar:/home/djarallah/.m2/repository/org/springframework/spring-webmvc/6.1.14/spring-webmvc-6.1.14.jar:/home/djarallah/.m2/repository/org/springframework/spring-aop/6.1.14/spring-aop-6.1.14.jar:/home/djarallah/.m2/repository/org/springframework/spring-expression/6.1.14/spring-expression-6.1.14.jar:/home/djarallah/.m2/repository/org/springframework/kafka/spring-kafka/3.1.9/spring-kafka-3.1.9.jar:/home/djarallah/.m2/repository/org/springframework/spring-context/6.1.14/spring-context-6.1.14.jar:/home/djarallah/.m2/repository/org/springframework/spring-messaging/6.1.14/spring-messaging-6.1.14.jar:/home/djarallah/.m2/repository/org/springframework/spring-tx/6.1.14/spring-tx-6.1.14.jar:/home/djarallah/.m2/repository/org/springframework/retry/spring-retry/2.0.10/spring-retry-2.0.10.jar:/home/djarallah/.m2/repository/org/apache/kafka/kafka-clients/3.6.2/kafka-clients-3.6.2.jar:/home/djarallah/.m2/repository/com/github/luben/zstd-jni/1.5.5-1/zstd-jni-1.5.5-1.jar:/home/djarallah/.m2/repository/org/lz4/lz4-java/1.8.0/lz4-java-1.8.0.jar:/home/djarallah/.m2/repository/org/xerial/snappy/snappy-java/1.1.10.5/snappy-java-1.1.10.5.jar:/home/djarallah/.m2/repository/org/slf4j/slf4j-api/2.0.16/slf4j-api-2.0.16.jar:/home/djarallah/.m2/repository/com/google/code/findbugs/jsr305/3.0.2/jsr305-3.0.2.jar:/home/djarallah/.m2/repository/org/springframework/boot/spring-boot-starter-tomcat/3.2.11/spring-boot-starter-tomcat-3.2.11.jar:/home/djarallah/.m2/repository/jakarta/annotation/jakarta.annotation-api/2.1.1/jakarta.annotation-api-2.1.1.jar:/home/djarallah/.m2/repository/org/apache/tomcat/embed/tomcat-embed-core/10.1.31/tomcat-embed-core-10.1.31.jar:/home/djarallah/.m2/repository/org/apache/tomcat/embed/tomcat-embed-el/10.1.31/tomcat-embed-el-10.1.31.jar:/home/djarallah/.m2/repository/org/apache/tomcat/embed/tomcat-embed-websocket/10.1.31/tomcat-embed-websocket-10.1.31.jar:/home/djarallah/.m2/repository/org/springframework/boot/spring-boot-starter-test/3.2.11/spring-boot-starter-test-3.2.11.jar:/home/djarallah/.m2/repository/org/springframework/boot/spring-boot-test/3.2.11/spring-boot-test-3.2.11.jar:/home/djarallah/.m2/repository/org/springframework/boot/spring-boot-test-autoconfigure/3.2.11/spring-boot-test-autoconfigure-3.2.11.jar:/home/djarallah/.m2/repository/com/jayway/jsonpath/json-path/2.9.0/json-path-2.9.0.jar:/home/djarallah/.m2/repository/jakarta/xml/bind/jakarta.xml.bind-api/4.0.2/jakarta.xml.bind-api-4.0.2.jar:/home/djarallah/.m2/repository/jakarta/activation/jakarta.activation-api/2.1.3/jakarta.activation-api-2.1.3.jar:/home/djarallah/.m2/repository/net/minidev/json-smart/2.5.1/json-smart-2.5.1.jar:/home/djarallah/.m2/repository/net/minidev/accessors-smart/2.5.1/accessors-smart-2.5.1.jar:/home/djarallah/.m2/repository/org/ow2/asm/asm/9.6/asm-9.6.jar:/home/djarallah/.m2/repository/org/assertj/assertj-core/3.24.2/assertj-core-3.24.2.jar:/home/djarallah/.m2/repository/net/bytebuddy/byte-buddy/1.14.19/byte-buddy-1.14.19.jar:/home/djarallah/.m2/repository/org/awaitility/awaitility/4.2.2/awaitility-4.2.2.jar:/home/djarallah/.m2/repository/org/hamcrest/hamcrest/2.2/hamcrest-2.2.jar:/home/djarallah/.m2/repository/org/junit/jupiter/junit-jupiter/5.10.5/junit-jupiter-5.10.5.jar:/home/djarallah/.m2/repository/org/junit/jupiter/junit-jupiter-params/5.10.5/junit-jupiter-params-5.10.5.jar:/home/djarallah/.m2/repository/org/junit/jupiter/junit-jupiter-engine/5.10.5/junit-jupiter-engine-5.10.5.jar:/home/djarallah/.m2/repository/org/mockito/mockito-core/5.7.0/mockito-core-5.7.0.jar:/home/djarallah/.m2/repository/net/bytebuddy/byte-buddy-agent/1.14.19/byte-buddy-agent-1.14.19.jar:/home/djarallah/.m2/repository/org/objenesis/objenesis/3.3/objenesis-3.3.jar:/home/djarallah/.m2/repository/org/mockito/mockito-junit-jupiter/5.7.0/mockito-junit-jupiter-5.7.0.jar:/home/djarallah/.m2/repository/org/skyscreamer/jsonassert/1.5.3/jsonassert-1.5.3.jar:/home/djarallah/.m2/repository/com/vaadin/external/google/android-json/0.0.20131108.vaadin1/android-json-0.0.20131108.vaadin1.jar:/home/djarallah/.m2/repository/org/springframework/spring-core/6.1.14/spring-core-6.1.14.jar:/home/djarallah/.m2/repository/org/springframework/spring-jcl/6.1.14/spring-jcl-6.1.14.jar:/home/djarallah/.m2/repository/org/springframework/spring-test/6.1.14/spring-test-6.1.14.jar:/home/djarallah/.m2/repository/org/xmlunit/xmlunit-core/2.9.1/xmlunit-core-2.9.1.jar:/home/djarallah/.m2/repository/org/springframework/kafka/spring-kafka-test/3.1.9/spring-kafka-test-3.1.9.jar:/home/djarallah/.m2/repository/org/apache/zookeeper/zookeeper/3.8.4/zookeeper-3.8.4.jar:/home/djarallah/.m2/repository/org/apache/zookeeper/zookeeper-jute/3.8.4/zookeeper-jute-3.8.4.jar:/home/djarallah/.m2/repository/org/apache/yetus/audience-annotations/0.12.0/audience-annotations-0.12.0.jar:/home/djarallah/.m2/repository/io/netty/netty-handler/4.1.114.Final/netty-handler-4.1.114.Final.jar:/home/djarallah/.m2/repository/io/netty/netty-common/4.1.114.Final/netty-common-4.1.114.Final.jar:/home/djarallah/.m2/repository/io/netty/netty-resolver/4.1.114.Final/netty-resolver-4.1.114.Final.jar:/home/djarallah/.m2/repository/io/netty/netty-buffer/4.1.114.Final/netty-buffer-4.1.114.Final.jar:/home/djarallah/.m2/repository/io/netty/netty-transport/4.1.114.Final/netty-transport-4.1.114.Final.jar:/home/djarallah/.m2/repository/io/netty/netty-transport-native-unix-common/4.1.114.Final/netty-transport-native-unix-common-4.1.114.Final.jar:/home/djarallah/.m2/repository/io/netty/netty-codec/4.1.114.Final/netty-codec-4.1.114.Final.jar:/home/djarallah/.m2/repository/io/netty/netty-transport-native-epoll/4.1.114.Final/netty-transport-native-epoll-4.1.114.Final.jar:/home/djarallah/.m2/repository/io/netty/netty-transport-classes-epoll/4.1.114.Final/netty-transport-classes-epoll-4.1.114.Final.jar:/home/djarallah/.m2/repository/ch/qos/logback/logback-core/1.4.14/logback-core-1.4.14.jar:/home/djarallah/.m2/repository/ch/qos/logback/logback-classic/1.4.14/logback-classic-1.4.14.jar:/home/djarallah/.m2/repository/commons-io/commons-io/2.11.0/commons-io-2.11.0.jar:/home/djarallah/.m2/repository/org/apache/kafka/kafka-clients/3.6.2/kafka-clients-3.6.2-test.jar:/home/djarallah/.m2/repository/org/apache/kafka/kafka-metadata/3.6.2/kafka-metadata-3.6.2.jar:/home/djarallah/.m2/repository/org/apache/kafka/kafka-raft/3.6.2/kafka-raft-3.6.2.jar:/home/djarallah/.m2/repository/com/yammer/metrics/metrics-core/2.2.0/metrics-core-2.2.0.jar:/home/djarallah/.m2/repository/org/apache/kafka/kafka-server-common/3.6.2/kafka-server-common-3.6.2.jar:/home/djarallah/.m2/repository/net/sf/jopt-simple/jopt-simple/5.0.4/jopt-simple-5.0.4.jar:/home/djarallah/.m2/repository/org/pcollections/pcollections/4.0.1/pcollections-4.0.1.jar:/home/djarallah/.m2/repository/org/apache/kafka/kafka-server-common/3.6.2/kafka-server-common-3.6.2-test.jar:/home/djarallah/.m2/repository/org/apache/kafka/kafka-streams-test-utils/3.6.2/kafka-streams-test-utils-3.6.2.jar:/home/djarallah/.m2/repository/org/apache/kafka/kafka-streams/3.6.2/kafka-streams-3.6.2.jar:/home/djarallah/.m2/repository/org/rocksdb/rocksdbjni/7.9.2/rocksdbjni-7.9.2.jar:/home/djarallah/.m2/repository/org/apache/kafka/kafka_2.13/3.6.2/kafka_2.13-3.6.2.jar:/home/djarallah/.m2/repository/org/scala-lang/scala-library/2.13.11/scala-library-2.13.11.jar:/home/djarallah/.m2/repository/org/apache/kafka/kafka-group-coordinator/3.6.2/kafka-group-coordinator-3.6.2.jar:/home/djarallah/.m2/repository/org/apache/kafka/kafka-storage-api/3.6.2/kafka-storage-api-3.6.2.jar:/home/djarallah/.m2/repository/org/apache/kafka/kafka-tools-api/3.6.2/kafka-tools-api-3.6.2.jar:/home/djarallah/.m2/repository/org/apache/kafka/kafka-storage/3.6.2/kafka-storage-3.6.2.jar:/home/djarallah/.m2/repository/com/github/ben-manes/caffeine/caffeine/3.1.8/caffeine-3.1.8.jar:/home/djarallah/.m2/repository/org/checkerframework/checker-qual/3.37.0/checker-qual-3.37.0.jar:/home/djarallah/.m2/repository/com/google/errorprone/error_prone_annotations/2.21.1/error_prone_annotations-2.21.1.jar:/home/djarallah/.m2/repository/net/sourceforge/argparse4j/argparse4j/0.7.0/argparse4j-0.7.0.jar:/home/djarallah/.m2/repository/commons-validator/commons-validator/1.7/commons-validator-1.7.jar:/home/djarallah/.m2/repository/commons-beanutils/commons-beanutils/1.9.4/commons-beanutils-1.9.4.jar:/home/djarallah/.m2/repository/commons-digester/commons-digester/2.1/commons-digester-2.1.jar:/home/djarallah/.m2/repository/commons-collections/commons-collections/3.2.2/commons-collections-3.2.2.jar:/home/djarallah/.m2/repository/com/fasterxml/jackson/module/jackson-module-scala_2.13/2.15.4/jackson-module-scala_2.13-2.15.4.jar:/home/djarallah/.m2/repository/com/thoughtworks/paranamer/paranamer/2.8/paranamer-2.8.jar:/home/djarallah/.m2/repository/com/fasterxml/jackson/dataformat/jackson-dataformat-csv/2.15.4/jackson-dataformat-csv-2.15.4.jar:/home/djarallah/.m2/repository/org/bitbucket/b_c/jose4j/0.9.4/jose4j-0.9.4.jar:/home/djarallah/.m2/repository/org/scala-lang/modules/scala-collection-compat_2.13/2.10.0/scala-collection-compat_2.13-2.10.0.jar:/home/djarallah/.m2/repository/org/scala-lang/modules/scala-java8-compat_2.13/1.0.2/scala-java8-compat_2.13-1.0.2.jar:/home/djarallah/.m2/repository/org/scala-lang/scala-reflect/2.13.11/scala-reflect-2.13.11.jar:/home/djarallah/.m2/repository/com/typesafe/scala-logging/scala-logging_2.13/3.9.4/scala-logging_2.13-3.9.4.jar:/home/djarallah/.m2/repository/io/dropwizard/metrics/metrics-core/4.2.28/metrics-core-4.2.28.jar:/home/djarallah/.m2/repository/commons-cli/commons-cli/1.4/commons-cli-1.4.jar:/home/djarallah/.m2/repository/org/apache/kafka/kafka_2.13/3.6.2/kafka_2.13-3.6.2-test.jar:/home/djarallah/.m2/repository/org/junit/jupiter/junit-jupiter-api/5.10.5/junit-jupiter-api-5.10.5.jar:/home/djarallah/.m2/repository/org/opentest4j/opentest4j/1.3.0/opentest4j-1.3.0.jar:/home/djarallah/.m2/repository/org/junit/platform/junit-platform-commons/1.10.5/junit-platform-commons-1.10.5.jar:/home/djarallah/.m2/repository/org/apiguardian/apiguardian-api/1.1.2/apiguardian-api-1.1.2.jar:/home/djarallah/.m2/repository/org/junit/platform/junit-platform-launcher/1.10.5/junit-platform-launcher-1.10.5.jar:/home/djarallah/.m2/repository/org/junit/platform/junit-platform-engine/1.10.5/junit-platform-engine-1.10.5.jar:"/>
    <property name="sun.cpu.endian" value="little"/>
    <property name="user.home" value="/home/djarallah"/>
    <property name="user.language" value="en"/>
    <property name="java.specification.vendor" value="Oracle Corporation"/>
    <property name="java.version.date" value="2024-07-16"/>
    <property name="java.home" value="/home/djarallah/.jdks/corretto-17.0.12-1"/>
    <property name="file.separator" value="/"/>
    <property name="basedir" value="/home/djarallah/work/kafka-formations/jobOffer-consumer-ws/joboffer consumer"/>
    <property name="java.vm.compressedOopsMode" value="32-bit"/>
    <property name="line.separator" value="&#10;"/>
    <property name="java.specification.name" value="Java Platform API Specification"/>
    <property name="java.vm.specification.vendor" value="Oracle Corporation"/>
    <property name="FILE_LOG_CHARSET" value="UTF-8"/>
    <property name="java.awt.headless" value="true"/>
    <property name="surefire.real.class.path" value="/home/djarallah/work/kafka-formations/jobOffer-consumer-ws/joboffer consumer/target/surefire/surefirebooter-20241102102628631_3.jar"/>
    <property name="sun.management.compiler" value="HotSpot 64-Bit Tiered Compilers"/>
    <property name="java.runtime.version" value="17.0.12+7-LTS"/>
    <property name="user.name" value="djarallah"/>
    <property name="path.separator" value=":"/>
    <property name="os.version" value="5.15.153.1-microsoft-standard-WSL2"/>
    <property name="java.runtime.name" value="OpenJDK Runtime Environment"/>
    <property name="file.encoding" value="UTF-8"/>
    <property name="java.vm.name" value="OpenJDK 64-Bit Server VM"/>
    <property name="java.vendor.version" value="Corretto-17.0.12.7.1"/>
    <property name="localRepository" value="/home/djarallah/.m2/repository"/>
    <property name="java.vendor.url.bug" value="https://github.com/corretto/corretto-17/issues/"/>
    <property name="java.io.tmpdir" value="/tmp"/>
    <property name="idea.version" value="2023.3"/>
    <property name="java.version" value="17.0.12"/>
    <property name="user.dir" value="/home/djarallah/work/kafka-formations/jobOffer-consumer-ws/joboffer consumer"/>
    <property name="os.arch" value="amd64"/>
    <property name="java.vm.specification.name" value="Java Virtual Machine Specification"/>
    <property name="PID" value="52621"/>
    <property name="CONSOLE_LOG_CHARSET" value="UTF-8"/>
    <property name="native.encoding" value="UTF-8"/>
    <property name="java.library.path" value="/usr/java/packages/lib:/usr/lib64:/lib64:/lib:/usr/lib"/>
    <property name="java.vm.info" value="mixed mode, sharing"/>
    <property name="java.vendor" value="Amazon.com Inc."/>
    <property name="java.vm.version" value="17.0.12+7-LTS"/>
    <property name="sun.io.unicode.encoding" value="UnicodeLittle"/>
    <property name="java.class.version" value="61.0"/>
    <property name="LOGGED_APPLICATION_NAME" value="[joboffer consumer] "/>
  </properties>
  <testcase name="contextLoads" classname="com.joboffer.consumer.ws.emailnotification.JobofferConsumerApplicationTests" time="1.188">
    <system-out><![CDATA[10:26:30.131 [main] INFO org.springframework.test.context.support.AnnotationConfigContextLoaderUtils -- Could not detect default configuration classes for test class [com.joboffer.consumer.ws.emailnotification.JobofferConsumerApplicationTests]: JobofferConsumerApplicationTests does not declare any static, non-private, non-final, nested classes annotated with @Configuration.
10:26:30.287 [main] INFO org.springframework.boot.test.context.SpringBootTestContextBootstrapper -- Found @SpringBootConfiguration com.joboffer.consumer.ws.emailnotification.JobofferConsumerApplication for test class com.joboffer.consumer.ws.emailnotification.JobofferConsumerApplicationTests

  .   ____          _            __ _ _
 /\\ / ___'_ __ _ _(_)_ __  __ _ \ \ \ \
( ( )\___ | '_ | '_| | '_ \/ _` | \ \ \ \
 \\/  ___)| |_)| | | | | || (_| |  ) ) ) )
  '  |____| .__|_| |_|_| |_\__, | / / / /
 =========|_|==============|___/=/_/_/_/
 :: Spring Boot ::               (v3.2.11)

2024-11-02T10:26:31.116+01:00  INFO 52621 --- [joboffer consumer] [           main] j.c.w.e.JobofferConsumerApplicationTests : Starting JobofferConsumerApplicationTests using Java 17.0.12 with PID 52621 (started by djarallah in /home/djarallah/work/kafka-formations/jobOffer-consumer-ws/joboffer consumer)
2024-11-02T10:26:31.118+01:00  INFO 52621 --- [joboffer consumer] [           main] j.c.w.e.JobofferConsumerApplicationTests : No active profile set, falling back to 1 default profile: "default"
2024-11-02T10:26:32.945+01:00  INFO 52621 --- [joboffer consumer] [           main] j.c.w.e.JobofferConsumerApplicationTests : Started JobofferConsumerApplicationTests in 2.442 seconds (process running for 4.205)
]]></system-out>
  </testcase>
</testsuite>